2021-12-15 23:12:151 INFO  ManageDriver :30 - Launching chrome Browser
2021-12-15 23:12:109 INFO  HomePage :53 - Clicking on Computers tab
2021-12-15 23:12:312 INFO  ComputerPage :31 - Get pageTitle text : Computers
2021-12-15 23:12:97 INFO  ManageDriver :30 - Launching chrome Browser
2021-12-15 23:12:233 INFO  HomePage :53 - Clicking on Computers tab
2021-12-15 23:12:512 INFO  DesktopPage :41 - Get pageTitle text Desktops
2021-12-15 23:12:274 INFO  ManageDriver :30 - Launching chrome Browser
2021-12-15 23:12:182 INFO  HomePage :53 - Clicking on Computers tab
2021-12-15 23:12:749 INFO  DesktopPage :64 - Click on product 'Build your own computer' : Build your own computer
2021-12-15 23:12:544 INFO  BuildYourOwnComputerPage :64 - Select processor '2.2 GHz Intel Pentium Dual-Core E2200
2021-12-15 23:12:619 INFO  BuildYourOwnComputerPage :72 - Select RAM '2 GB
2021-12-15 23:12:685 INFO  BuildYourOwnComputerPage :81 - Select HDD '320 GB
2021-12-15 23:12:764 INFO  BuildYourOwnComputerPage :93 - Select HDD 'Vista Home [+$50.00]
2021-12-15 23:12:849 INFO  BuildYourOwnComputerPage :105 - Select Software '[[ChromeDriver: chrome on WINDOWS (2a2da0c964bd5a86c365d601ad962180)] -> xpath: //dd[@id='product_attribute_input_5']//li/label]
2021-12-15 23:12:906 INFO  BuildYourOwnComputerPage :114 - Click on 'ADD TO CART' Button
2021-12-15 23:12:768 INFO  BuildYourOwnComputerPage :121 - Get productAdded Message : The product has been added to your shopping cart
2021-12-15 23:12:528 INFO  ManageDriver :30 - Launching chrome Browser
2021-12-15 23:12:369 INFO  HomePage :53 - Clicking on Computers tab
2021-12-15 23:12:04 INFO  DesktopPage :64 - Click on product 'Build your own computer' : Build your own computer
2021-12-15 23:12:494 INFO  BuildYourOwnComputerPage :64 - Select processor '2.5 GHz Intel Pentium Dual-Core E2200 [+$15.00]
2021-12-15 23:12:569 INFO  BuildYourOwnComputerPage :72 - Select RAM '4GB [+$20.00]
2021-12-15 23:12:673 INFO  BuildYourOwnComputerPage :81 - Select HDD '400 GB [+$100.00]
2021-12-15 23:12:764 INFO  BuildYourOwnComputerPage :93 - Select HDD 'Vista Premium [+$60.00]
2021-12-15 23:12:851 INFO  BuildYourOwnComputerPage :105 - Select Software '[[ChromeDriver: chrome on WINDOWS (d1b6494795400cd6ab8e128d1ef255d6)] -> xpath: //dd[@id='product_attribute_input_5']//li/label]
2021-12-15 23:12:914 INFO  BuildYourOwnComputerPage :114 - Click on 'ADD TO CART' Button
2021-12-15 23:12:767 INFO  BuildYourOwnComputerPage :121 - Get productAdded Message : The product has been added to your shopping cart
2021-12-15 23:12:513 INFO  ManageDriver :30 - Launching chrome Browser
2021-12-15 23:12:457 INFO  HomePage :53 - Clicking on Computers tab
2021-12-15 23:12:69 INFO  DesktopPage :64 - Click on product 'Build your own computer' : Build your own computer
2021-12-15 23:12:602 INFO  BuildYourOwnComputerPage :64 - Select processor '2.5 GHz Intel Pentium Dual-Core E2200 [+$15.00]
2021-12-15 23:12:690 INFO  BuildYourOwnComputerPage :72 - Select RAM '8GB [+$60.00]
2021-12-15 23:12:768 INFO  BuildYourOwnComputerPage :81 - Select HDD '320 GB
2021-12-15 23:12:839 INFO  BuildYourOwnComputerPage :93 - Select HDD 'Vista Home [+$50.00]
2021-12-15 23:12:932 INFO  BuildYourOwnComputerPage :105 - Select Software '[[ChromeDriver: chrome on WINDOWS (37c9ef3c271000ac3a0b60664725a6a8)] -> xpath: //dd[@id='product_attribute_input_5']//li/label]
2021-12-15 23:12:980 INFO  BuildYourOwnComputerPage :114 - Click on 'ADD TO CART' Button
2021-12-15 23:12:844 INFO  BuildYourOwnComputerPage :121 - Get productAdded Message : The product has been added to your shopping cart
2021-12-15 23:12:664 INFO  ManageDriver :30 - Launching chrome Browser
2021-12-15 23:12:562 INFO  HomePage :36 - Clicking on login link
2021-12-15 23:12:651 INFO  LoginPage :49 - Getting welcome text: [[ChromeDriver: chrome on WINDOWS (cd9880437d545d2c83fa9ec48e4f09f3)] -> xpath: //h1[contains(text(),'Welcome, Please Sign In!')]]
2021-12-15 23:12:436 INFO  ManageDriver :30 - Launching chrome Browser
2021-12-15 23:12:688 INFO  HomePage :36 - Clicking on login link
2021-12-15 23:12:249 INFO  LoginPage :60 - Entering email address : Test1234@gmail.com to email field 
2021-12-15 23:12:321 INFO  LoginPage :65 - Entering password : password123 to password field
2021-12-15 23:12:407 INFO  LoginPage :71 - Clicking on login button
2021-12-15 23:12:441 INFO  LoginPage :55 - Getting welcome text: [[ChromeDriver: chrome on WINDOWS (a18dabb1976239a41c3eb47d573d5536)] -> xpath: //div[@class='message-error validation-summary-errors']]
2021-12-15 23:12:177 INFO  ManageDriver :30 - Launching chrome Browser
2021-12-15 23:12:46 INFO  HomePage :36 - Clicking on login link
2021-12-15 23:12:88 INFO  LoginPage :60 - Entering email address : abcde@gmail.com to email field 
2021-12-15 23:12:155 INFO  LoginPage :65 - Entering password : abcd123 to password field
2021-12-15 23:12:219 INFO  LoginPage :71 - Clicking on login button
2021-12-15 23:12:844 INFO  ManageDriver :30 - Launching chrome Browser
2021-12-15 23:12:215 INFO  HomePage :36 - Clicking on login link
2021-12-15 23:12:714 INFO  LoginPage :60 - Entering email address : abcde@gmail.com to email field 
2021-12-15 23:12:784 INFO  LoginPage :65 - Entering password : abcd123 to password field
2021-12-15 23:12:848 INFO  LoginPage :71 - Clicking on login button
2021-12-15 23:12:835 INFO  LoginPage :75 - Clicking on logout link 
2021-12-15 23:12:983 INFO  ManageDriver :30 - Launching chrome Browser
2021-12-15 23:12:19 INFO  HomePage :41 - Clicking on register link 
2021-12-15 23:12:241 INFO  RegisterPage :60 - Verify personal Text:  displayed on personal text page[[ChromeDriver: chrome on WINDOWS (a436bb76ad2dc4264f56f3d1f7cd317b)] -> xpath: //div[@class='title']//strong[text()='Your Personal Details']]
2021-12-15 23:12:03 INFO  ManageDriver :30 - Launching chrome Browser
2021-12-15 23:12:241 INFO  HomePage :41 - Clicking on register link 
2021-12-15 23:12:548 INFO  RegisterPage :78 - Enter first Name: krishna to first name field [[ChromeDriver: chrome on WINDOWS (2f2de32da3903b6fced82b184b6f43fa)] -> xpath: //input[@id='FirstName']]
2021-12-15 23:12:647 INFO  RegisterPage :85 - Enter last name Patel to last name field[[ChromeDriver: chrome on WINDOWS (2f2de32da3903b6fced82b184b6f43fa)] -> xpath: //input[@id='LastName']]
2021-12-15 23:12:735 INFO  RegisterPage :92 - Enter date 18 to date field [[ChromeDriver: chrome on WINDOWS (2f2de32da3903b6fced82b184b6f43fa)] -> xpath: //select[@name='DateOfBirthDay']]
2021-12-15 23:12:796 INFO  RegisterPage :92 - Enter date May to date field [[ChromeDriver: chrome on WINDOWS (2f2de32da3903b6fced82b184b6f43fa)] -> xpath: //select[@name='DateOfBirthDay']]
2021-12-15 23:12:838 INFO  RegisterPage :92 - Enter date 1979 to date field [[ChromeDriver: chrome on WINDOWS (2f2de32da3903b6fced82b184b6f43fa)] -> xpath: //select[@name='DateOfBirthDay']]
2021-12-15 23:12:910 INFO  RegisterPage :114 - Enter email test7BH@gmail.com to email field [[ChromeDriver: chrome on WINDOWS (2f2de32da3903b6fced82b184b6f43fa)] -> id: Email]
2021-12-15 23:12:983 INFO  RegisterPage :126 - Enter company name Prime to company's name field [[ChromeDriver: chrome on WINDOWS (2f2de32da3903b6fced82b184b6f43fa)] -> xpath: //input[@name='Company']]
2021-12-15 23:12:59 INFO  RegisterPage :133 -  Enter password abcd123 to password field [[ChromeDriver: chrome on WINDOWS (2f2de32da3903b6fced82b184b6f43fa)] -> xpath: //input[@name='Password']]
2021-12-15 23:12:142 INFO  RegisterPage :140 -  Enter confirm passwordabcd123 to confirm password field [[ChromeDriver: chrome on WINDOWS (2f2de32da3903b6fced82b184b6f43fa)] -> xpath: //input[@name='ConfirmPassword']]
2021-12-15 23:12:461 INFO  RegisterPage :147 -  Click on register button Proxy element for: DefaultElementLocator 'By.xpath: //button[@id='register-button']'
2021-12-15 23:12:481 INFO  RegisterPage :153 - Verify register Text:  displayed on register page [[ChromeDriver: chrome on WINDOWS (2f2de32da3903b6fced82b184b6f43fa)] -> xpath: //div[@class='page-body']//div[text()='Your registration completed']]
2021-12-15 23:12:233 INFO  ManageDriver :30 - Launching chrome Browser
2021-12-15 23:12:140 INFO  HomePage :41 - Clicking on register link 
2021-12-15 23:12:483 INFO  RegisterPage :85 - Enter last name A to last name field[[ChromeDriver: chrome on WINDOWS (18375f411d4b7ea602cf0a05866df07d)] -> xpath: //input[@id='LastName']]
2021-12-15 23:12:551 INFO  RegisterPage :92 - Enter date 1 to date field [[ChromeDriver: chrome on WINDOWS (18375f411d4b7ea602cf0a05866df07d)] -> xpath: //select[@name='DateOfBirthDay']]
2021-12-15 23:12:606 INFO  RegisterPage :92 - Enter date February to date field [[ChromeDriver: chrome on WINDOWS (18375f411d4b7ea602cf0a05866df07d)] -> xpath: //select[@name='DateOfBirthDay']]
2021-12-15 23:12:647 INFO  RegisterPage :92 - Enter date 2008 to date field [[ChromeDriver: chrome on WINDOWS (18375f411d4b7ea602cf0a05866df07d)] -> xpath: //select[@name='DateOfBirthDay']]
2021-12-15 23:12:734 INFO  RegisterPage :119 - Enter email abc@gmail.com to email field [[ChromeDriver: chrome on WINDOWS (18375f411d4b7ea602cf0a05866df07d)] -> id: Email]
2021-12-15 23:12:832 INFO  RegisterPage :126 - Enter company name Prime to company's name field [[ChromeDriver: chrome on WINDOWS (18375f411d4b7ea602cf0a05866df07d)] -> xpath: //input[@name='Company']]
2021-12-15 23:12:921 INFO  RegisterPage :133 -  Enter password abc123 to password field [[ChromeDriver: chrome on WINDOWS (18375f411d4b7ea602cf0a05866df07d)] -> xpath: //input[@name='Password']]
2021-12-15 23:12:16 INFO  RegisterPage :140 -  Enter confirm passwordabc123 to confirm password field [[ChromeDriver: chrome on WINDOWS (18375f411d4b7ea602cf0a05866df07d)] -> xpath: //input[@name='ConfirmPassword']]
2021-12-15 23:12:88 INFO  RegisterPage :147 -  Click on register button [[ChromeDriver: chrome on WINDOWS (18375f411d4b7ea602cf0a05866df07d)] -> xpath: //button[@id='register-button']]
2021-12-15 23:12:102 INFO  RegisterPage :158 - Verify register Text:  displayed on register page [[ChromeDriver: chrome on WINDOWS (18375f411d4b7ea602cf0a05866df07d)] -> xpath: //span[@id='FirstName-error']]
2021-12-15 23:12:881 INFO  ManageDriver :30 - Launching chrome Browser
2021-12-15 23:12:773 INFO  HomePage :41 - Clicking on register link 
2021-12-15 23:12:92 INFO  RegisterPage :85 - Enter last name B to last name field[[ChromeDriver: chrome on WINDOWS (661b4e69529ebe95e648248c0f798eac)] -> xpath: //input[@id='LastName']]
2021-12-15 23:12:174 INFO  RegisterPage :92 - Enter date 1 to date field [[ChromeDriver: chrome on WINDOWS (661b4e69529ebe95e648248c0f798eac)] -> xpath: //select[@name='DateOfBirthDay']]
2021-12-15 23:12:232 INFO  RegisterPage :92 - Enter date May to date field [[ChromeDriver: chrome on WINDOWS (661b4e69529ebe95e648248c0f798eac)] -> xpath: //select[@name='DateOfBirthDay']]
2021-12-15 23:12:284 INFO  RegisterPage :92 - Enter date 2009 to date field [[ChromeDriver: chrome on WINDOWS (661b4e69529ebe95e648248c0f798eac)] -> xpath: //select[@name='DateOfBirthDay']]
2021-12-15 23:12:395 INFO  RegisterPage :119 - Enter email def@gmail.com to email field [[ChromeDriver: chrome on WINDOWS (661b4e69529ebe95e648248c0f798eac)] -> id: Email]
2021-12-15 23:12:502 INFO  RegisterPage :126 - Enter company name Testing to company's name field [[ChromeDriver: chrome on WINDOWS (661b4e69529ebe95e648248c0f798eac)] -> xpath: //input[@name='Company']]
2021-12-15 23:12:630 INFO  RegisterPage :133 -  Enter password def123 to password field [[ChromeDriver: chrome on WINDOWS (661b4e69529ebe95e648248c0f798eac)] -> xpath: //input[@name='Password']]
2021-12-15 23:12:739 INFO  RegisterPage :140 -  Enter confirm passworddef123 to confirm password field [[ChromeDriver: chrome on WINDOWS (661b4e69529ebe95e648248c0f798eac)] -> xpath: //input[@name='ConfirmPassword']]
2021-12-15 23:12:832 INFO  RegisterPage :147 -  Click on register button [[ChromeDriver: chrome on WINDOWS (661b4e69529ebe95e648248c0f798eac)] -> xpath: //button[@id='register-button']]
2021-12-15 23:12:850 INFO  RegisterPage :158 - Verify register Text:  displayed on register page [[ChromeDriver: chrome on WINDOWS (661b4e69529ebe95e648248c0f798eac)] -> xpath: //span[@id='FirstName-error']]
2021-12-15 23:12:687 INFO  ManageDriver :30 - Launching chrome Browser
2021-12-15 23:12:813 INFO  HomePage :41 - Clicking on register link 
2021-12-15 23:12:412 INFO  RegisterPage :85 - Enter last name C to last name field[[ChromeDriver: chrome on WINDOWS (996fb8326cc1cc76b515808141690f33)] -> xpath: //input[@id='LastName']]
2021-12-15 23:12:483 INFO  RegisterPage :92 - Enter date 1 to date field [[ChromeDriver: chrome on WINDOWS (996fb8326cc1cc76b515808141690f33)] -> xpath: //select[@name='DateOfBirthDay']]
2021-12-15 23:12:532 INFO  RegisterPage :92 - Enter date November to date field [[ChromeDriver: chrome on WINDOWS (996fb8326cc1cc76b515808141690f33)] -> xpath: //select[@name='DateOfBirthDay']]
2021-12-15 23:12:575 INFO  RegisterPage :92 - Enter date 2010 to date field [[ChromeDriver: chrome on WINDOWS (996fb8326cc1cc76b515808141690f33)] -> xpath: //select[@name='DateOfBirthDay']]
2021-12-15 23:12:659 INFO  RegisterPage :119 - Enter email ghi@gmail.com to email field [[ChromeDriver: chrome on WINDOWS (996fb8326cc1cc76b515808141690f33)] -> id: Email]
2021-12-15 23:12:750 INFO  RegisterPage :126 - Enter company name Square1 to company's name field [[ChromeDriver: chrome on WINDOWS (996fb8326cc1cc76b515808141690f33)] -> xpath: //input[@name='Company']]
2021-12-15 23:12:836 INFO  RegisterPage :133 -  Enter password ghi123 to password field [[ChromeDriver: chrome on WINDOWS (996fb8326cc1cc76b515808141690f33)] -> xpath: //input[@name='Password']]
2021-12-15 23:12:921 INFO  RegisterPage :140 -  Enter confirm passwordghi123 to confirm password field [[ChromeDriver: chrome on WINDOWS (996fb8326cc1cc76b515808141690f33)] -> xpath: //input[@name='ConfirmPassword']]
2021-12-15 23:12:991 INFO  RegisterPage :147 -  Click on register button [[ChromeDriver: chrome on WINDOWS (996fb8326cc1cc76b515808141690f33)] -> xpath: //button[@id='register-button']]
2021-12-15 23:12:16 INFO  RegisterPage :158 - Verify register Text:  displayed on register page [[ChromeDriver: chrome on WINDOWS (996fb8326cc1cc76b515808141690f33)] -> xpath: //span[@id='FirstName-error']]
2021-12-15 23:12:857 INFO  ManageDriver :30 - Launching chrome Browser
2021-12-15 23:12:83 INFO  HomePage :41 - Clicking on register link 
2021-12-15 23:12:430 INFO  RegisterPage :85 - Enter last name D to last name field[[ChromeDriver: chrome on WINDOWS (98b904bd3105a2919c328d2fae559971)] -> xpath: //input[@id='LastName']]
2021-12-15 23:12:510 INFO  RegisterPage :92 - Enter date 1 to date field [[ChromeDriver: chrome on WINDOWS (98b904bd3105a2919c328d2fae559971)] -> xpath: //select[@name='DateOfBirthDay']]
2021-12-15 23:12:560 INFO  RegisterPage :92 - Enter date February to date field [[ChromeDriver: chrome on WINDOWS (98b904bd3105a2919c328d2fae559971)] -> xpath: //select[@name='DateOfBirthDay']]
2021-12-15 23:12:598 INFO  RegisterPage :92 - Enter date 2014 to date field [[ChromeDriver: chrome on WINDOWS (98b904bd3105a2919c328d2fae559971)] -> xpath: //select[@name='DateOfBirthDay']]
2021-12-15 23:12:701 INFO  RegisterPage :119 - Enter email jkl@gmail.com to email field [[ChromeDriver: chrome on WINDOWS (98b904bd3105a2919c328d2fae559971)] -> id: Email]
2021-12-15 23:12:814 INFO  RegisterPage :126 - Enter company name Interior Collection to company's name field [[ChromeDriver: chrome on WINDOWS (98b904bd3105a2919c328d2fae559971)] -> xpath: //input[@name='Company']]
2021-12-15 23:12:893 INFO  RegisterPage :133 -  Enter password jkl123 to password field [[ChromeDriver: chrome on WINDOWS (98b904bd3105a2919c328d2fae559971)] -> xpath: //input[@name='Password']]
2021-12-15 23:12:985 INFO  RegisterPage :140 -  Enter confirm passwordjkl123 to confirm password field [[ChromeDriver: chrome on WINDOWS (98b904bd3105a2919c328d2fae559971)] -> xpath: //input[@name='ConfirmPassword']]
2021-12-15 23:12:70 INFO  RegisterPage :147 -  Click on register button [[ChromeDriver: chrome on WINDOWS (98b904bd3105a2919c328d2fae559971)] -> xpath: //button[@id='register-button']]
2021-12-15 23:12:87 INFO  RegisterPage :158 - Verify register Text:  displayed on register page [[ChromeDriver: chrome on WINDOWS (98b904bd3105a2919c328d2fae559971)] -> xpath: //span[@id='FirstName-error']]
2021-12-15 23:12:955 INFO  ManageDriver :30 - Launching chrome Browser
2021-12-15 23:12:103 INFO  HomePage :41 - Clicking on register link 
2021-12-15 23:12:455 INFO  RegisterPage :85 - Enter last name E to last name field[[ChromeDriver: chrome on WINDOWS (8f43ce63ea13082b8156c16c85ac8109)] -> xpath: //input[@id='LastName']]
2021-12-15 23:12:541 INFO  RegisterPage :92 - Enter date 1 to date field [[ChromeDriver: chrome on WINDOWS (8f43ce63ea13082b8156c16c85ac8109)] -> xpath: //select[@name='DateOfBirthDay']]
2021-12-15 23:12:587 INFO  RegisterPage :92 - Enter date January to date field [[ChromeDriver: chrome on WINDOWS (8f43ce63ea13082b8156c16c85ac8109)] -> xpath: //select[@name='DateOfBirthDay']]
2021-12-15 23:12:629 INFO  RegisterPage :92 - Enter date 2020 to date field [[ChromeDriver: chrome on WINDOWS (8f43ce63ea13082b8156c16c85ac8109)] -> xpath: //select[@name='DateOfBirthDay']]
2021-12-15 23:12:715 INFO  RegisterPage :119 - Enter email mno@gmail.com to email field [[ChromeDriver: chrome on WINDOWS (8f43ce63ea13082b8156c16c85ac8109)] -> id: Email]
2021-12-15 23:12:803 INFO  RegisterPage :126 - Enter company name HarrowGS to company's name field [[ChromeDriver: chrome on WINDOWS (8f43ce63ea13082b8156c16c85ac8109)] -> xpath: //input[@name='Company']]
2021-12-15 23:12:884 INFO  RegisterPage :133 -  Enter password mno123 to password field [[ChromeDriver: chrome on WINDOWS (8f43ce63ea13082b8156c16c85ac8109)] -> xpath: //input[@name='Password']]
2021-12-15 23:12:967 INFO  RegisterPage :140 -  Enter confirm passwordmno123 to confirm password field [[ChromeDriver: chrome on WINDOWS (8f43ce63ea13082b8156c16c85ac8109)] -> xpath: //input[@name='ConfirmPassword']]
2021-12-15 23:12:48 INFO  RegisterPage :147 -  Click on register button [[ChromeDriver: chrome on WINDOWS (8f43ce63ea13082b8156c16c85ac8109)] -> xpath: //button[@id='register-button']]
2021-12-15 23:12:64 INFO  RegisterPage :158 - Verify register Text:  displayed on register page [[ChromeDriver: chrome on WINDOWS (8f43ce63ea13082b8156c16c85ac8109)] -> xpath: //span[@id='FirstName-error']]
2021-12-15 23:12:686 INFO  ManageDriver :30 - Launching chrome Browser
2021-12-15 23:12:36 INFO  HomePage :53 - Clicking on Computers tab
2021-12-15 23:12:246 INFO  ComputerPage :31 - Get pageTitle text : Computers
2021-12-15 23:12:990 INFO  ManageDriver :30 - Launching chrome Browser
2021-12-15 23:12:884 INFO  HomePage :53 - Clicking on Computers tab
2021-12-15 23:12:414 INFO  DesktopPage :41 - Get pageTitle text Desktops
2021-12-15 23:12:156 INFO  ManageDriver :30 - Launching chrome Browser
2021-12-15 23:12:66 INFO  HomePage :53 - Clicking on Computers tab
2021-12-15 23:12:296 INFO  DesktopPage :64 - Click on product 'Build your own computer' : Build your own computer
2021-12-15 23:12:29 INFO  BuildYourOwnComputerPage :64 - Select processor '2.2 GHz Intel Pentium Dual-Core E2200
2021-12-15 23:12:102 INFO  BuildYourOwnComputerPage :72 - Select RAM '2 GB
2021-12-15 23:12:174 INFO  BuildYourOwnComputerPage :81 - Select HDD '320 GB
2021-12-15 23:12:240 INFO  BuildYourOwnComputerPage :93 - Select HDD 'Vista Home [+$50.00]
2021-12-15 23:12:306 INFO  BuildYourOwnComputerPage :105 - Select Software '[[ChromeDriver: chrome on WINDOWS (9b10a1a16c441e8bcc2746bf615b17f1)] -> xpath: //dd[@id='product_attribute_input_5']//li/label]
2021-12-15 23:12:365 INFO  BuildYourOwnComputerPage :114 - Click on 'ADD TO CART' Button
2021-12-15 23:12:221 INFO  BuildYourOwnComputerPage :121 - Get productAdded Message : The product has been added to your shopping cart
2021-12-15 23:12:951 INFO  ManageDriver :30 - Launching chrome Browser
2021-12-15 23:12:728 INFO  HomePage :53 - Clicking on Computers tab
2021-12-15 23:12:916 INFO  DesktopPage :64 - Click on product 'Build your own computer' : Build your own computer
2021-12-15 23:12:749 INFO  BuildYourOwnComputerPage :64 - Select processor '2.5 GHz Intel Pentium Dual-Core E2200 [+$15.00]
2021-12-15 23:12:829 INFO  BuildYourOwnComputerPage :72 - Select RAM '4GB [+$20.00]
2021-12-15 23:12:911 INFO  BuildYourOwnComputerPage :81 - Select HDD '400 GB [+$100.00]
2021-12-15 23:12:993 INFO  BuildYourOwnComputerPage :93 - Select HDD 'Vista Premium [+$60.00]
2021-12-15 23:12:74 INFO  BuildYourOwnComputerPage :105 - Select Software '[[ChromeDriver: chrome on WINDOWS (dac1b76609a565232a62085b4041dd52)] -> xpath: //dd[@id='product_attribute_input_5']//li/label]
2021-12-15 23:12:126 INFO  BuildYourOwnComputerPage :114 - Click on 'ADD TO CART' Button
2021-12-15 23:12:989 INFO  BuildYourOwnComputerPage :121 - Get productAdded Message : The product has been added to your shopping cart
2021-12-15 23:12:715 INFO  ManageDriver :30 - Launching chrome Browser
2021-12-15 23:12:643 INFO  HomePage :53 - Clicking on Computers tab
2021-12-15 23:12:252 INFO  DesktopPage :64 - Click on product 'Build your own computer' : Build your own computer
2021-12-15 23:12:996 INFO  BuildYourOwnComputerPage :64 - Select processor '2.5 GHz Intel Pentium Dual-Core E2200 [+$15.00]
2021-12-15 23:12:64 INFO  BuildYourOwnComputerPage :72 - Select RAM '8GB [+$60.00]
2021-12-15 23:12:129 INFO  BuildYourOwnComputerPage :81 - Select HDD '320 GB
2021-12-15 23:12:192 INFO  BuildYourOwnComputerPage :93 - Select HDD 'Vista Home [+$50.00]
2021-12-15 23:12:270 INFO  BuildYourOwnComputerPage :105 - Select Software '[[ChromeDriver: chrome on WINDOWS (e99ce44e374c16e2ed82fc2dbd4b3007)] -> xpath: //dd[@id='product_attribute_input_5']//li/label]
2021-12-15 23:12:318 INFO  BuildYourOwnComputerPage :114 - Click on 'ADD TO CART' Button
2021-12-15 23:12:171 INFO  BuildYourOwnComputerPage :121 - Get productAdded Message : The product has been added to your shopping cart
